C:\Users\pclap\OneDrive\Escritorio\7Cuatri\Programacion 6\Programacion6Sys-main\WebApp\WebApp\wwwroot\App\Empleado\Edit.js
C:\Users\pclap\OneDrive\Escritorio\7Cuatri\Programacion 6\Programacion6Sys-main\WebApp\WebApp\wwwroot\App\Empleado\Edit.js.map
C:\Users\pclap\OneDrive\Escritorio\7Cuatri\Programacion 6\Programacion6Sys-main\WebApp\WebApp\wwwroot\App\Empleado\Grid.js
C:\Users\pclap\OneDrive\Escritorio\7Cuatri\Programacion 6\Programacion6Sys-main\WebApp\WebApp\wwwroot\App\Empleado\Grid.js.map
C:\Users\pclap\OneDrive\Escritorio\7Cuatri\Programacion 6\Programacion6Sys-main\WebApp\WebApp\wwwroot\Assets\@types\global.js
C:\Users\pclap\OneDrive\Escritorio\7Cuatri\Programacion 6\Programacion6Sys-main\WebApp\WebApp\wwwroot\Assets\@types\global.js.map
C:\Users\pclap\OneDrive\Escritorio\7Cuatri\Programacion 6\Programacion6Sys-main\WebApp\WebApp\wwwroot\Assets\@types\SweetAlert\Sweetalert.js
C:\Users\pclap\OneDrive\Escritorio\7Cuatri\Programacion 6\Programacion6Sys-main\WebApp\WebApp\wwwroot\Assets\@types\SweetAlert\Sweetalert.js.map
C:\Users\pclap\OneDrive\Escritorio\7Cuatri\Programacion 6\Programacion6Sys-main\WebApp\WebApp\wwwroot\Assets\@types\bootstrap-validator\bvenums.js
C:\Users\pclap\OneDrive\Escritorio\7Cuatri\Programacion 6\Programacion6Sys-main\WebApp\WebApp\wwwroot\Assets\@types\bootstrap-validator\bvenums.js.map
C:\Users\pclap\OneDrive\Escritorio\7Cuatri\Programacion 6\Programacion6Sys-main\WebApp\WebApp\wwwroot\Assets\Plugin\CoreFile\CoreFile.js
C:\Users\pclap\OneDrive\Escritorio\7Cuatri\Programacion 6\Programacion6Sys-main\WebApp\WebApp\wwwroot\Assets\Plugin\CoreFile\CoreFile.js.map
C:\Users\pclap\OneDrive\Escritorio\7Cuatri\Programacion 6\Programacion6Sys-main\WebApp\WebApp\wwwroot\Assets\Plugin\axios\AxiosConfig.js
C:\Users\pclap\OneDrive\Escritorio\7Cuatri\Programacion 6\Programacion6Sys-main\WebApp\WebApp\wwwroot\Assets\Plugin\axios\AxiosConfig.js.map
C:\Users\pclap\OneDrive\Escritorio\7Cuatri\Programacion 6\Programacion6Sys-main\WebApp\WebApp\wwwroot\Assets\Plugin\bvalidator\FormValidateConfig.js
C:\Users\pclap\OneDrive\Escritorio\7Cuatri\Programacion 6\Programacion6Sys-main\WebApp\WebApp\wwwroot\Assets\Plugin\bvalidator\FormValidateConfig.js.map
C:\Users\pclap\OneDrive\Escritorio\7Cuatri\Programacion 6\Programacion6Sys-main\WebApp\WebApp\wwwroot\Assets\Plugin\bvalidator\bv-validators.js
C:\Users\pclap\OneDrive\Escritorio\7Cuatri\Programacion 6\Programacion6Sys-main\WebApp\WebApp\wwwroot\Assets\Plugin\bvalidator\bv-validators.js.map
C:\Users\pclap\OneDrive\Escritorio\7Cuatri\Programacion 6\Programacion6Sys-main\WebApp\WebApp\wwwroot\Assets\Plugin\sweetalert\SwalConfig.js
C:\Users\pclap\OneDrive\Escritorio\7Cuatri\Programacion 6\Programacion6Sys-main\WebApp\WebApp\wwwroot\Assets\Plugin\sweetalert\SwalConfig.js.map
C:\Users\pclap\OneDrive\Escritorio\7Cuatri\Programacion 6\Programacion6Sys-main\WebApp\WebApp\wwwroot\Assets\Plugin\vue\VueLoaderTemplate.js
C:\Users\pclap\OneDrive\Escritorio\7Cuatri\Programacion 6\Programacion6Sys-main\WebApp\WebApp\wwwroot\Assets\Plugin\vue\VueLoaderTemplate.js.map
C:\Users\pclap\OneDrive\Escritorio\7Cuatri\Programacion 6\Programacion6Sys-main\WebApp\WebApp\wwwroot\Scripts\AxiosProvider.js
C:\Users\pclap\OneDrive\Escritorio\7Cuatri\Programacion 6\Programacion6Sys-main\WebApp\WebApp\wwwroot\Scripts\AxiosProvider.js.map
C:\Users\pclap\OneDrive\Escritorio\7Cuatri\Programacion 6\Programacion6Sys-main\WebApp\WebApp\wwwroot\Scripts\entity.js
C:\Users\pclap\OneDrive\Escritorio\7Cuatri\Programacion 6\Programacion6Sys-main\WebApp\WebApp\wwwroot\Scripts\entity.js.map
