C:\Users\pclap\source\repos\0GregoryCH\0GregoryCH\2ExamenGregoryACruzH\WebApp\WebApp\wwwroot\App\Orden\Edit.js
C:\Users\pclap\source\repos\0GregoryCH\0GregoryCH\2ExamenGregoryACruzH\WebApp\WebApp\wwwroot\App\Orden\Edit.js.map
C:\Users\pclap\source\repos\0GregoryCH\0GregoryCH\2ExamenGregoryACruzH\WebApp\WebApp\wwwroot\App\Orden\Grid.js
C:\Users\pclap\source\repos\0GregoryCH\0GregoryCH\2ExamenGregoryACruzH\WebApp\WebApp\wwwroot\App\Orden\Grid.js.map
C:\Users\pclap\source\repos\0GregoryCH\0GregoryCH\2ExamenGregoryACruzH\WebApp\WebApp\wwwroot\Assets\@types\global.js
C:\Users\pclap\source\repos\0GregoryCH\0GregoryCH\2ExamenGregoryACruzH\WebApp\WebApp\wwwroot\Assets\@types\global.js.map
C:\Users\pclap\source\repos\0GregoryCH\0GregoryCH\2ExamenGregoryACruzH\WebApp\WebApp\wwwroot\Assets\@types\SweetAlert\Sweetalert.js
C:\Users\pclap\source\repos\0GregoryCH\0GregoryCH\2ExamenGregoryACruzH\WebApp\WebApp\wwwroot\Assets\@types\SweetAlert\Sweetalert.js.map
C:\Users\pclap\source\repos\0GregoryCH\0GregoryCH\2ExamenGregoryACruzH\WebApp\WebApp\wwwroot\Assets\@types\bootstrap-validator\bvenums.js
C:\Users\pclap\source\repos\0GregoryCH\0GregoryCH\2ExamenGregoryACruzH\WebApp\WebApp\wwwroot\Assets\@types\bootstrap-validator\bvenums.js.map
C:\Users\pclap\source\repos\0GregoryCH\0GregoryCH\2ExamenGregoryACruzH\WebApp\WebApp\wwwroot\Assets\Plugin\CoreFile\CoreFile.js
C:\Users\pclap\source\repos\0GregoryCH\0GregoryCH\2ExamenGregoryACruzH\WebApp\WebApp\wwwroot\Assets\Plugin\CoreFile\CoreFile.js.map
C:\Users\pclap\source\repos\0GregoryCH\0GregoryCH\2ExamenGregoryACruzH\WebApp\WebApp\wwwroot\Assets\Plugin\axios\AxiosConfig.js
C:\Users\pclap\source\repos\0GregoryCH\0GregoryCH\2ExamenGregoryACruzH\WebApp\WebApp\wwwroot\Assets\Plugin\axios\AxiosConfig.js.map
C:\Users\pclap\source\repos\0GregoryCH\0GregoryCH\2ExamenGregoryACruzH\WebApp\WebApp\wwwroot\Assets\Plugin\bvalidator\FormValidateConfig.js
C:\Users\pclap\source\repos\0GregoryCH\0GregoryCH\2ExamenGregoryACruzH\WebApp\WebApp\wwwroot\Assets\Plugin\bvalidator\FormValidateConfig.js.map
C:\Users\pclap\source\repos\0GregoryCH\0GregoryCH\2ExamenGregoryACruzH\WebApp\WebApp\wwwroot\Assets\Plugin\bvalidator\bv-validators.js
C:\Users\pclap\source\repos\0GregoryCH\0GregoryCH\2ExamenGregoryACruzH\WebApp\WebApp\wwwroot\Assets\Plugin\bvalidator\bv-validators.js.map
C:\Users\pclap\source\repos\0GregoryCH\0GregoryCH\2ExamenGregoryACruzH\WebApp\WebApp\wwwroot\Assets\Plugin\sweetalert\SwalConfig.js
C:\Users\pclap\source\repos\0GregoryCH\0GregoryCH\2ExamenGregoryACruzH\WebApp\WebApp\wwwroot\Assets\Plugin\sweetalert\SwalConfig.js.map
C:\Users\pclap\source\repos\0GregoryCH\0GregoryCH\2ExamenGregoryACruzH\WebApp\WebApp\wwwroot\Assets\Plugin\vue\VueLoaderTemplate.js
C:\Users\pclap\source\repos\0GregoryCH\0GregoryCH\2ExamenGregoryACruzH\WebApp\WebApp\wwwroot\Assets\Plugin\vue\VueLoaderTemplate.js.map
